<?xml version="1.0" encoding="UTF-8"?>
<testng-results skipped="0" failed="0" ignored="0" total="1" passed="1">
  <reporter-output>
  </reporter-output>
  <suite name="HomePage-System" duration-ms="13830" started-at="2019-07-01T06:21:46Z" finished-at="2019-07-01T06:22:00Z">
    <groups>
    </groups>
    <test name="CodesNonUI" duration-ms="13830" started-at="2019-07-01T06:21:46Z" finished-at="2019-07-01T06:22:00Z">
      <class name="com.moveware.testcases.TC_CodesCount">
        <test-method status="PASS" signature="loginToApplication(java.lang.String, java.lang.String, java.lang.String)[pri:0, instance:com.moveware.testcases.TC_CodesCount@5f2108b5]" name="loginToApplication" is-config="true" duration-ms="11195" started-at="2019-07-01T06:21:46Z" finished-at="2019-07-01T06:21:57Z">
          <params>
            <param index="0">
              <value>
                <![CDATA[chrome]]>
              </value>
            </param>
            <param index="1">
              <value>
                <![CDATA[test]]>
              </value>
            </param>
            <param index="2">
              <value>
                <![CDATA[System->Codes Non UIC]]>
              </value>
            </param>
          </params>
          <reporter-output>
          </reporter-output>
        </test-method> <!-- loginToApplication -->
        <test-method status="PASS" signature="CodesCount()[pri:0, instance:com.moveware.testcases.TC_CodesCount@5f2108b5]" name="CodesCount" duration-ms="2618" started-at="2019-07-01T06:21:57Z" finished-at="2019-07-01T06:22:00Z">
          <reporter-output>
          </reporter-output>
        </test-method> <!-- CodesCount -->
      </class> <!-- com.moveware.testcases.TC_CodesCount -->
    </test> <!-- CodesNonUI -->
  </suite> <!-- HomePage-System -->
</testng-results>
