<?xml version="1.0" encoding="UTF-8"?>
<testsuite xmlns:xsi="http://www.w3.org/2001/XMLSchema-instance" xsi:schemaLocation="https://maven.apache.org/surefire/maven-surefire-plugin/xsd/surefire-test-report.xsd" name="TestSuite" time="7.096" tests="1" errors="0" skipped="0" failures="1">
  <properties>
[...]
</properties>
  <testcase name="runLogin" classname="com.moveware.system.codes.AddCode" time="6.764">
    <failure type="java.lang.NullPointerException">java.lang.NullPointerException
	at com.moveware.system.codes.AddCode.runLogin(AddCode.java:25)
</failure>
    <system-out><![CDATA[In runLogin
In createDriver()
in FillingLoginForm()
]]></system-out>
    <system-err><![CDATA[Starting ChromeDriver 72.0.3626.69 (3c16f8a135abc0d4da2dff33804db79b849a7c38) on port 1797
Only local connections are allowed.
Please protect ports used by ChromeDriver and related test frameworks to prevent access by malicious code.
May 14, 2019 11:22:05 AM org.openqa.selenium.remote.ProtocolHandshake createSession
INFO: Detected dialect: OSS
]]></system-err>
  </testcase>
</testsuite>