<?xml version="1.0" encoding="UTF-8"?>
<!-- Generated by org.testng.reporters.JUnitXMLReporter -->
<testsuite hostname="INHYDSRIKANTHP" ignored="0" name="Default test(failed)" tests="1" failures="0" timestamp="04 Jun 2019 09:07:57 GMT" time="0.148" errors="0">
  <testcase name="@BeforeMethod loginToApplication" time="0.118" classname="com.moveware.testcases.TC_ThemeChangeValidation">
    <failure type="java.lang.NullPointerException">
      <![CDATA[java.lang.NullPointerException
at com.moveware.utilities.CreateWebDriver.createDriver(CreateWebDriver.java:41)
at com.moveware.utilities.Login.loginIntoApplication(Login.java:34)
at com.moveware.genericfunctions.GenericFunctions.login(GenericFunctions.java:34)
at com.moveware.testcases.TC_ThemeChangeValidation.loginToApplication(TC_ThemeChangeValidation.java:44)
... Removed 28 stack frames]]>
    </failure>
  </testcase> <!-- @BeforeMethod loginToApplication -->
  <testcase name="validateThemeChange" time="0.001" classname="com.moveware.testcases.TC_ThemeChangeValidation">
    <skipped/>
  </testcase> <!-- validateThemeChange -->
</testsuite> <!-- Default test(failed) -->
