<?xml version="1.0" encoding="UTF-8"?>
<!-- Generated by org.testng.reporters.JUnitXMLReporter -->
<testsuite hostname="INHYDSIVARAMK" ignored="0" name="Codes" tests="1" failures="1" timestamp="14 May 2019 05:52:09 GMT" time="6.779" errors="0">
  <testcase name="runLogin" time="6.751" classname="com.moveware.system.codes.AddCode">
    <failure type="java.lang.NullPointerException">
      <![CDATA[java.lang.NullPointerException
at com.moveware.objectRepository.LoginPageObjects.setUsernameOrEmailTextField(LoginPageObjects.java:81)
at com.moveware.objectRepository.LoginPageObjects.fillLoginForm(LoginPageObjects.java:67)
at com.moveware.utilities.Login.loginIntoApplication(Login.java:33)
at com.moveware.system.codes.AddCode.runLogin(AddCode.java:25)
... Removed 28 stack frames]]>
    </failure>
  </testcase> <!-- runLogin -->
</testsuite> <!-- Codes -->
